mode: set
BankingSystem/adaptars/handlers/authHandler.go:10.64,16.60 2 0
BankingSystem/adaptars/handlers/authHandler.go:16.60,20.3 3 0
BankingSystem/adaptars/handlers/authHandler.go:22.2,22.67 2 0
BankingSystem/adaptars/handlers/authHandler.go:22.67,25.3 2 0
BankingSystem/adaptars/handlers/authHandler.go:27.5,28.13 2 0
BankingSystem/adaptars/handlers/authHandler.go:28.13,31.3 2 0
BankingSystem/adaptars/handlers/authHandler.go:33.2,43.33 5 0
BankingSystem/adaptars/handlers/handlers.go:19.52,21.2 1 1
BankingSystem/adaptars/handlers/handlers.go:24.69,28.57 2 1
BankingSystem/adaptars/handlers/handlers.go:28.57,31.3 2 0
BankingSystem/adaptars/handlers/handlers.go:33.2,36.13 3 1
BankingSystem/adaptars/handlers/handlers.go:36.13,39.3 2 1
BankingSystem/adaptars/handlers/handlers.go:40.2,41.47 2 1
BankingSystem/adaptars/handlers/handlers.go:45.71,51.57 2 1
BankingSystem/adaptars/handlers/handlers.go:51.57,54.3 2 0
BankingSystem/adaptars/handlers/handlers.go:57.2,61.13 3 1
BankingSystem/adaptars/handlers/handlers.go:61.13,64.3 2 0
BankingSystem/adaptars/handlers/handlers.go:65.2,66.39 2 1
BankingSystem/adaptars/handlers/handlers.go:69.71,75.60 2 1
BankingSystem/adaptars/handlers/handlers.go:75.60,79.3 3 0
BankingSystem/adaptars/handlers/handlers.go:81.2,84.13 3 1
BankingSystem/adaptars/handlers/handlers.go:84.13,87.3 2 0
BankingSystem/adaptars/handlers/handlers.go:89.2,90.41 2 1
BankingSystem/adaptars/handlers/handlers.go:94.71,101.57 2 1
BankingSystem/adaptars/handlers/handlers.go:101.57,104.3 2 0
BankingSystem/adaptars/handlers/handlers.go:106.2,109.16 3 1
BankingSystem/adaptars/handlers/handlers.go:109.16,112.3 2 0
BankingSystem/adaptars/handlers/handlers.go:113.2,114.20 2 1
BankingSystem/adaptars/handlers/handlers.go:118.63,124.57 2 1
BankingSystem/adaptars/handlers/handlers.go:124.57,127.3 2 0
BankingSystem/adaptars/handlers/handlers.go:129.2,130.13 2 1
BankingSystem/adaptars/handlers/handlers.go:130.13,133.3 2 0
BankingSystem/adaptars/handlers/handlers.go:134.2,135.45 2 1
BankingSystem/adaptars/handlers/handlers.go:139.70,141.57 2 1
BankingSystem/adaptars/handlers/handlers.go:141.57,144.3 2 0
BankingSystem/adaptars/handlers/handlers.go:146.5,150.36 4 1
