mode: set
BankingSystem/adaptars/db/InMemorydb.go:12.33,16.2 1 0
BankingSystem/adaptars/db/InMemorydb.go:18.64,21.2 2 0
BankingSystem/adaptars/db/InMemorydb.go:28.30,32.2 1 0
BankingSystem/adaptars/db/InMemorydb.go:34.58,35.44 2 0
BankingSystem/adaptars/db/InMemorydb.go:35.44,37.3 1 0
BankingSystem/adaptars/db/InMemorydb.go:38.2,38.37 1 0
BankingSystem/adaptars/db/InMemorydb.go:41.62,42.49 2 0
BankingSystem/adaptars/db/InMemorydb.go:42.49,44.3 1 0
BankingSystem/adaptars/db/InMemorydb.go:45.2,47.12 3 0
BankingSystem/adaptars/db/InMemorydb.go:50.136,63.2 3 0
BankingSystem/adaptars/db/InMemorydb.go:65.62,67.42 2 0
BankingSystem/adaptars/db/InMemorydb.go:67.42,69.3 1 0
BankingSystem/adaptars/db/InMemorydb.go:70.2,70.41 1 0
BankingSystem/adaptars/db/InMemorydb.go:73.68,75.47 2 0
BankingSystem/adaptars/db/InMemorydb.go:75.47,77.3 1 0
BankingSystem/adaptars/db/InMemorydb.go:78.2,80.12 3 0
BankingSystem/adaptars/db/InMemorydb.go:83.77,85.47 2 0
BankingSystem/adaptars/db/InMemorydb.go:85.47,87.3 1 0
BankingSystem/adaptars/db/InMemorydb.go:88.2,88.20 1 0
BankingSystem/adaptars/db/InMemorydb.go:91.117,101.2 3 0
BankingSystem/adaptars/db/InMemorydb.go:108.38,112.2 1 0
BankingSystem/adaptars/db/InMemorydb.go:114.145,128.2 3 0
BankingSystem/adaptars/db/InMemorydb.go:130.91,132.59 2 0
BankingSystem/adaptars/db/InMemorydb.go:132.59,134.3 1 0
BankingSystem/adaptars/db/InMemorydb.go:136.2,136.24 1 0
BankingSystem/adaptars/db/sqlDBrepo.go:17.43,19.2 1 1
BankingSystem/adaptars/db/sqlDBrepo.go:21.67,24.13 2 1
BankingSystem/adaptars/db/sqlDBrepo.go:24.13,26.3 1 0
BankingSystem/adaptars/db/sqlDBrepo.go:27.2,27.12 1 1
BankingSystem/adaptars/db/sqlDBrepo.go:36.41,38.2 1 1
BankingSystem/adaptars/db/sqlDBrepo.go:40.61,45.13 5 1
BankingSystem/adaptars/db/sqlDBrepo.go:45.13,48.3 2 0
BankingSystem/adaptars/db/sqlDBrepo.go:49.2,50.16 2 1
BankingSystem/adaptars/db/sqlDBrepo.go:53.65,56.13 2 1
BankingSystem/adaptars/db/sqlDBrepo.go:56.13,58.3 1 0
BankingSystem/adaptars/db/sqlDBrepo.go:59.2,60.16 2 1
BankingSystem/adaptars/db/sqlDBrepo.go:60.16,63.3 2 0
BankingSystem/adaptars/db/sqlDBrepo.go:65.2,65.20 1 1
BankingSystem/adaptars/db/sqlDBrepo.go:65.20,67.3 1 0
BankingSystem/adaptars/db/sqlDBrepo.go:69.2,69.12 1 1
BankingSystem/adaptars/db/sqlDBrepo.go:72.122,77.13 2 1
BankingSystem/adaptars/db/sqlDBrepo.go:77.13,80.3 2 0
BankingSystem/adaptars/db/sqlDBrepo.go:82.2,82.12 1 1
BankingSystem/adaptars/db/sqlDBrepo.go:85.80,90.13 4 1
BankingSystem/adaptars/db/sqlDBrepo.go:90.13,92.3 1 0
BankingSystem/adaptars/db/sqlDBrepo.go:93.2,93.20 1 1
BankingSystem/adaptars/db/sqlDBrepo.go:96.65,99.13 3 0
BankingSystem/adaptars/db/sqlDBrepo.go:99.13,101.3 1 0
BankingSystem/adaptars/db/sqlDBrepo.go:103.2,103.20 1 0
BankingSystem/adaptars/db/sqlDBrepo.go:106.71,109.13 2 1
BankingSystem/adaptars/db/sqlDBrepo.go:109.13,111.3 1 0
BankingSystem/adaptars/db/sqlDBrepo.go:112.2,113.16 2 1
BankingSystem/adaptars/db/sqlDBrepo.go:113.16,115.3 1 0
BankingSystem/adaptars/db/sqlDBrepo.go:117.2,117.20 1 1
BankingSystem/adaptars/db/sqlDBrepo.go:117.20,119.3 1 0
BankingSystem/adaptars/db/sqlDBrepo.go:121.2,121.12 1 1
BankingSystem/adaptars/db/sqlDBrepo.go:128.49,130.2 1 1
BankingSystem/adaptars/db/sqlDBrepo.go:132.149,137.13 2 1
BankingSystem/adaptars/db/sqlDBrepo.go:137.13,140.3 2 0
BankingSystem/adaptars/db/sqlDBrepo.go:142.2,142.12 1 1
BankingSystem/adaptars/db/sqlDBrepo.go:145.94,153.13 4 1
BankingSystem/adaptars/db/sqlDBrepo.go:153.13,156.3 2 0
BankingSystem/adaptars/db/sqlDBrepo.go:158.2,158.24 1 1
